<?xml version="1.0" encoding="UTF-8"?>
<!-- Generated by org.testng.reporters.JUnitReportReporter -->
<testsuite hostname="DESKTOP-H62OR96" failures="0" tests="1" name="page_object_model.DemoOrange_RunnerClass" time="6.121" errors="0" timestamp="2024-09-23T15:43:03 IST" skipped="0">
  <testcase classname="page_object_model.DemoOrange_RunnerClass" name="run" time="6.121"/>
  <system-out/>
</testsuite> <!-- page_object_model.DemoOrange_RunnerClass -->
